<?xml version="1.0" encoding="UTF-8"?>
<!-- Generated by org.testng.reporters.JUnitXMLReporter -->
<testsuite ignored="1" hostname="LAPTOP-N2A4GJ6Q" failures="3" tests="3" name="Test(failed)" time="10.628" errors="0" timestamp="2024-03-15T20:18:13 IST">
  <testcase classname="com.onmobile.rbt.testcases.MyFirstSeleniumClass" name="VerifyTitle" time="6.187">
    <failure type="java.lang.AssertionError" message="expected [Human Resources Management Software | OrangeHRM1] but found [Human Resources Management Software | OrangeHRM]">
      <![CDATA[java.lang.AssertionError: expected [Human Resources Management Software | OrangeHRM1] but found [Human Resources Management Software | OrangeHRM]
at com.onmobile.rbt.testcases.MyFirstSeleniumClass.VerifyTitle(MyFirstSeleniumClass.java:14)
at java.base/java.util.ArrayList.forEach(ArrayList.java:1511)
... Removed 32 stack frames]]>
    </failure>
  </testcase> <!-- VerifyTitle -->
  <testcase classname="com.onmobile.rbt.testcases.MyFirstSeleniumClass" name="VerifyTitle1" time="2.086">
    <failure type="java.lang.AssertionError" message="expected [Human Resources Management Software | OrangeHRM1] but found [Human Resources Management Software | OrangeHRM]">
      <![CDATA[java.lang.AssertionError: expected [Human Resources Management Software | OrangeHRM1] but found [Human Resources Management Software | OrangeHRM]
at com.onmobile.rbt.testcases.MyFirstSeleniumClass.VerifyTitle1(MyFirstSeleniumClass.java:21)
at java.base/java.util.ArrayList.forEach(ArrayList.java:1511)
... Removed 32 stack frames]]>
    </failure>
  </testcase> <!-- VerifyTitle1 -->
  <testcase classname="com.onmobile.rbt.testcases.MyFirstSeleniumClass" name="VerifyTitle2" time="2.322">
    <failure type="java.lang.AssertionError" message="expected [Human Resources Management Software | OrangeHRM1] but found [Human Resources Management Software | OrangeHRM]">
      <![CDATA[java.lang.AssertionError: expected [Human Resources Management Software | OrangeHRM1] but found [Human Resources Management Software | OrangeHRM]
at com.onmobile.rbt.testcases.MyFirstSeleniumClass.VerifyTitle2(MyFirstSeleniumClass.java:28)
at java.base/java.util.ArrayList.forEach(ArrayList.java:1511)
... Removed 32 stack frames]]>
    </failure>
  </testcase> <!-- VerifyTitle2 -->
  <testcase classname="com.onmobile.rbt.testcases.MyFirstSeleniumClass" name="VerifyTitle3" time="0.0">
    <ignored/>
  </testcase> <!-- VerifyTitle3 -->
</testsuite> <!-- Test(failed) -->
